2026-01-28 21:11:24,172 - __main__ - INFO - 开始视频智能剪辑流程
2026-01-28 21:11:24,172 - __main__ - INFO - 步骤1: 检查目录结构
2026-01-28 21:11:24,172 - __main__ - INFO - 确保目录存在: E:\video-silce\video_silce\data\input_videos
2026-01-28 21:11:24,173 - __main__ - INFO - 确保目录存在: E:\video-silce\video_silce\data\output_videos
2026-01-28 21:11:24,173 - __main__ - INFO - 确保目录存在: E:\video-silce\video_silce\data\processed_audio
2026-01-28 21:11:24,173 - __main__ - INFO - 确保目录存在: E:\video-silce\video_silce\data\transcripts
2026-01-28 21:11:24,174 - __main__ - INFO - 确保目录存在: E:\video-silce\video_silce\data\analysis_results
2026-01-28 21:11:24,174 - __main__ - INFO - 确保目录存在: E:\video-silce\video_silce\data\slice_video
2026-01-28 21:11:24,174 - __main__ - INFO - 步骤2: 获取用户输入
2026-01-28 21:11:24,176 - __main__ - INFO - 处理视频: test.mp4
2026-01-28 21:11:24,176 - __main__ - INFO - 用户指令: ?????????????
2026-01-28 21:11:24,176 - __main__ - INFO - 步骤3: 初始化处理器
2026-01-28 21:11:24,177 - __main__ - INFO - 步骤4: 提取音频
2026-01-28 21:11:24,178 - __main__ - INFO - 步骤5: 语音转文字
2026-01-28 21:11:24,178 - __main__ - INFO - 步骤6: 文本分析
2026-01-28 21:11:33,574 - __main__ - INFO - 步骤7: 剪辑视频片段
2026-01-28 21:11:33,579 - __main__ - INFO - 步骤8: 合并剪辑片段
2026-01-28 21:11:33,580 - __main__ - INFO - 视频处理完成，输出文件: E:\video-silce\video_silce\data\output_videos\test_edited.mp4
2026-01-28 21:17:55,511 - __main__ - INFO - 开始视频智能剪辑流程
2026-01-28 21:17:55,511 - __main__ - INFO - 步骤1: 检查目录结构
2026-01-28 21:17:55,511 - __main__ - INFO - 确保目录存在: E:\video-silce\video_silce\data\input_videos
2026-01-28 21:17:55,511 - __main__ - INFO - 确保目录存在: E:\video-silce\video_silce\data\output_videos
2026-01-28 21:17:55,512 - __main__ - INFO - 确保目录存在: E:\video-silce\video_silce\data\processed_audio
2026-01-28 21:17:55,512 - __main__ - INFO - 确保目录存在: E:\video-silce\video_silce\data\transcripts
2026-01-28 21:17:55,512 - __main__ - INFO - 确保目录存在: E:\video-silce\video_silce\data\analysis_results
2026-01-28 21:17:55,512 - __main__ - INFO - 确保目录存在: E:\video-silce\video_silce\data\slice_video
2026-01-28 21:17:55,512 - __main__ - INFO - 步骤2: 获取用户输入
2026-01-28 21:17:55,513 - __main__ - INFO - 处理视频: test.mp4
2026-01-28 21:17:55,513 - __main__ - INFO - 用户指令: ?????????????
2026-01-28 21:17:55,514 - __main__ - INFO - 步骤3: 初始化处理器
2026-01-28 21:17:55,514 - __main__ - INFO - 步骤4: 提取音频
2026-01-28 21:17:55,515 - __main__ - INFO - 步骤5: 语音转文字
2026-01-28 21:17:55,515 - __main__ - INFO - 步骤6: 文本分析
2026-01-28 21:18:04,508 - __main__ - INFO - 步骤7: 剪辑视频片段
2026-01-28 21:18:04,512 - __main__ - INFO - 步骤8: 合并剪辑片段
2026-01-28 21:18:04,513 - __main__ - INFO - 视频处理完成，输出文件: E:\video-silce\video_silce\data\output_videos\test_edited.mp4
